[0.436s] DEBUG:colcon:Command line arguments: ['/usr/bin/colcon', 'build']
[0.436s] DEBUG:colcon:Parsed command line arguments: Namespace(log_base=None, log_level=None, verb_name='build', build_base='build', install_base='install', merge_install=False, symlink_install=False, test_result_base=None, continue_on_error=False, executor='parallel', parallel_workers=4, event_handlers=None, ignore_user_meta=False, metas=['./colcon.meta'], base_paths=['.'], packages_ignore=None, packages_ignore_regex=None, paths=None, packages_up_to=None, packages_up_to_regex=None, packages_above=None, packages_above_and_dependencies=None, packages_above_depth=None, packages_select_by_dep=None, packages_skip_by_dep=None, packages_skip_up_to=None, packages_select_build_failed=False, packages_skip_build_finished=False, packages_select_test_failures=False, packages_skip_test_passed=False, packages_select=None, packages_skip=None, packages_select_regex=None, packages_skip_regex=None, packages_start=None, packages_end=None, allow_overriding=[], cmake_args=None, cmake_target=None, cmake_target_skip_unavailable=False, cmake_clean_cache=False, cmake_clean_first=False, cmake_force_configure=False, ament_cmake_args=None, catkin_cmake_args=None, catkin_skip_building_tests=False, verb_parser=<colcon_defaults.argument_parser.defaults.DefaultArgumentsDecorator object at 0x7f3d6f5c61d0>, verb_extension=<colcon_core.verb.build.BuildVerb object at 0x7f3d6f5c5c60>, main=<bound method BuildVerb.main of <colcon_core.verb.build.BuildVerb object at 0x7f3d6f5c5c60>>)
[0.470s] Level 1:colcon.colcon_core.package_discovery:discover_packages(colcon_meta) check parameters
[0.470s] Level 1:colcon.colcon_core.package_discovery:discover_packages(recursive) check parameters
[0.470s] Level 1:colcon.colcon_core.package_discovery:discover_packages(ignore) check parameters
[0.471s] Level 1:colcon.colcon_core.package_discovery:discover_packages(path) check parameters
[0.471s] Level 1:colcon.colcon_core.package_discovery:discover_packages(colcon_meta) discover
[0.471s] Level 1:colcon.colcon_core.package_discovery:discover_packages(recursive) discover
[0.472s] INFO:colcon.colcon_core.package_discovery:Crawling recursively for packages in '/home/evan/ros2_ws/src'
[0.472s] Level 1:colcon.colcon_core.package_identification:_identify(.) by extensions ['ignore', 'ignore_ament_install']
[0.472s] Level 1:colcon.colcon_core.package_identification:_identify(.) by extension 'ignore'
[0.473s] Level 1:colcon.colcon_core.package_identification:_identify(.) by extension 'ignore_ament_install'
[0.473s] Level 1:colcon.colcon_core.package_identification:_identify(.) by extensions ['colcon_pkg']
[0.473s] Level 1:colcon.colcon_core.package_identification:_identify(.) by extension 'colcon_pkg'
[0.473s] Level 1:colcon.colcon_core.package_identification:_identify(.) by extensions ['colcon_meta']
[0.474s] Level 1:colcon.colcon_core.package_identification:_identify(.) by extension 'colcon_meta'
[0.474s] Level 1:colcon.colcon_core.package_identification:_identify(.) by extensions ['ros']
[0.474s] Level 1:colcon.colcon_core.package_identification:_identify(.) by extension 'ros'
[0.490s] Level 1:colcon.colcon_core.package_identification:_identify(.) by extensions ['cmake', 'python']
[0.490s] Level 1:colcon.colcon_core.package_identification:_identify(.) by extension 'cmake'
[0.491s] Level 1:colcon.colcon_core.package_identification:_identify(.) by extension 'python'
[0.491s] Level 1:colcon.colcon_core.package_identification:_identify(.) by extensions ['python_setup_py']
[0.491s] Level 1:colcon.colcon_core.package_identification:_identify(.) by extension 'python_setup_py'
[0.492s] Level 1:colcon.colcon_core.package_identification:_identify(build) by extensions ['ignore', 'ignore_ament_install']
[0.492s] Level 1:colcon.colcon_core.package_identification:_identify(build) by extension 'ignore'
[0.493s] Level 1:colcon.colcon_core.package_identification:_identify(build) ignored
[0.493s] Level 1:colcon.colcon_core.package_identification:_identify(install) by extensions ['ignore', 'ignore_ament_install']
[0.494s] Level 1:colcon.colcon_core.package_identification:_identify(install) by extension 'ignore'
[0.494s] Level 1:colcon.colcon_core.package_identification:_identify(install) ignored
[0.495s] Level 1:colcon.colcon_core.package_identification:_identify(log) by extensions ['ignore', 'ignore_ament_install']
[0.495s] Level 1:colcon.colcon_core.package_identification:_identify(log) by extension 'ignore'
[0.495s] Level 1:colcon.colcon_core.package_identification:_identify(log) ignored
[0.496s] Level 1:colcon.colcon_core.package_identification:_identify(my_cpp_pkg) by extensions ['ignore', 'ignore_ament_install']
[0.496s] Level 1:colcon.colcon_core.package_identification:_identify(my_cpp_pkg) by extension 'ignore'
[0.496s] Level 1:colcon.colcon_core.package_identification:_identify(my_cpp_pkg) by extension 'ignore_ament_install'
[0.497s] Level 1:colcon.colcon_core.package_identification:_identify(my_cpp_pkg) by extensions ['colcon_pkg']
[0.497s] Level 1:colcon.colcon_core.package_identification:_identify(my_cpp_pkg) by extension 'colcon_pkg'
[0.497s] Level 1:colcon.colcon_core.package_identification:_identify(my_cpp_pkg) by extensions ['colcon_meta']
[0.497s] Level 1:colcon.colcon_core.package_identification:_identify(my_cpp_pkg) by extension 'colcon_meta'
[0.498s] Level 1:colcon.colcon_core.package_identification:_identify(my_cpp_pkg) by extensions ['ros']
[0.498s] Level 1:colcon.colcon_core.package_identification:_identify(my_cpp_pkg) by extension 'ros'
[0.501s] DEBUG:colcon.colcon_core.package_identification:Package 'my_cpp_pkg' with type 'ros.ament_cmake' and name 'my_cpp_pkg'
[0.501s] Level 1:colcon.colcon_core.package_identification:_identify(my_py_pkg) by extensions ['ignore', 'ignore_ament_install']
[0.502s] Level 1:colcon.colcon_core.package_identification:_identify(my_py_pkg) by extension 'ignore'
[0.502s] Level 1:colcon.colcon_core.package_identification:_identify(my_py_pkg) by extension 'ignore_ament_install'
[0.502s] Level 1:colcon.colcon_core.package_identification:_identify(my_py_pkg) by extensions ['colcon_pkg']
[0.502s] Level 1:colcon.colcon_core.package_identification:_identify(my_py_pkg) by extension 'colcon_pkg'
[0.503s] Level 1:colcon.colcon_core.package_identification:_identify(my_py_pkg) by extensions ['colcon_meta']
[0.503s] Level 1:colcon.colcon_core.package_identification:_identify(my_py_pkg) by extension 'colcon_meta'
[0.503s] Level 1:colcon.colcon_core.package_identification:_identify(my_py_pkg) by extensions ['ros']
[0.504s] Level 1:colcon.colcon_core.package_identification:_identify(my_py_pkg) by extension 'ros'
[0.505s] DEBUG:colcon.colcon_core.package_identification:Package 'my_py_pkg' with type 'ros.ament_python' and name 'my_py_pkg'
[0.505s] Level 1:colcon.colcon_core.package_discovery:discover_packages(recursive) using defaults
[0.505s] Level 1:colcon.colcon_core.package_discovery:discover_packages(ignore) discover
[0.505s] Level 1:colcon.colcon_core.package_discovery:discover_packages(ignore) using defaults
[0.506s] Level 1:colcon.colcon_core.package_discovery:discover_packages(path) discover
[0.506s] Level 1:colcon.colcon_core.package_discovery:discover_packages(path) using defaults
[0.543s] Level 1:colcon.colcon_core.package_discovery:discover_packages(prefix_path) check parameters
[0.544s] Level 1:colcon.colcon_core.package_discovery:discover_packages(prefix_path) discover
[0.548s] DEBUG:colcon.colcon_installed_package_information.package_discovery:Found 1 installed packages in /home/evan/ros2_ws/install
[0.550s] DEBUG:colcon.colcon_installed_package_information.package_discovery:Found 270 installed packages in /opt/ros/humble
[0.553s] Level 1:colcon.colcon_core.package_discovery:discover_packages(prefix_path) using defaults
[0.633s] Level 5:colcon.colcon_core.verb:set package 'my_cpp_pkg' build argument 'cmake_args' from command line to 'None'
[0.634s] Level 5:colcon.colcon_core.verb:set package 'my_cpp_pkg' build argument 'cmake_target' from command line to 'None'
[0.634s] Level 5:colcon.colcon_core.verb:set package 'my_cpp_pkg' build argument 'cmake_target_skip_unavailable' from command line to 'False'
[0.634s] Level 5:colcon.colcon_core.verb:set package 'my_cpp_pkg' build argument 'cmake_clean_cache' from command line to 'False'
[0.635s] Level 5:colcon.colcon_core.verb:set package 'my_cpp_pkg' build argument 'cmake_clean_first' from command line to 'False'
[0.635s] Level 5:colcon.colcon_core.verb:set package 'my_cpp_pkg' build argument 'cmake_force_configure' from command line to 'False'
[0.635s] Level 5:colcon.colcon_core.verb:set package 'my_cpp_pkg' build argument 'ament_cmake_args' from command line to 'None'
[0.635s] Level 5:colcon.colcon_core.verb:set package 'my_cpp_pkg' build argument 'catkin_cmake_args' from command line to 'None'
[0.636s] Level 5:colcon.colcon_core.verb:set package 'my_cpp_pkg' build argument 'catkin_skip_building_tests' from command line to 'False'
[0.636s] DEBUG:colcon.colcon_core.verb:Building package 'my_cpp_pkg' with the following arguments: {'ament_cmake_args': None, 'build_base': '/home/evan/ros2_ws/src/build/my_cpp_pkg', 'catkin_cmake_args': None, 'catkin_skip_building_tests': False, 'cmake_args': None, 'cmake_clean_cache': False, 'cmake_clean_first': False, 'cmake_force_configure': False, 'cmake_target': None, 'cmake_target_skip_unavailable': False, 'install_base': '/home/evan/ros2_ws/src/install/my_cpp_pkg', 'merge_install': False, 'path': '/home/evan/ros2_ws/src/my_cpp_pkg', 'symlink_install': False, 'test_result_base': None}
[0.637s] Level 5:colcon.colcon_core.verb:set package 'my_py_pkg' build argument 'cmake_args' from command line to 'None'
[0.637s] Level 5:colcon.colcon_core.verb:set package 'my_py_pkg' build argument 'cmake_target' from command line to 'None'
[0.638s] Level 5:colcon.colcon_core.verb:set package 'my_py_pkg' build argument 'cmake_target_skip_unavailable' from command line to 'False'
[0.638s] Level 5:colcon.colcon_core.verb:set package 'my_py_pkg' build argument 'cmake_clean_cache' from command line to 'False'
[0.638s] Level 5:colcon.colcon_core.verb:set package 'my_py_pkg' build argument 'cmake_clean_first' from command line to 'False'
[0.638s] Level 5:colcon.colcon_core.verb:set package 'my_py_pkg' build argument 'cmake_force_configure' from command line to 'False'
[0.638s] Level 5:colcon.colcon_core.verb:set package 'my_py_pkg' build argument 'ament_cmake_args' from command line to 'None'
[0.639s] Level 5:colcon.colcon_core.verb:set package 'my_py_pkg' build argument 'catkin_cmake_args' from command line to 'None'
[0.639s] Level 5:colcon.colcon_core.verb:set package 'my_py_pkg' build argument 'catkin_skip_building_tests' from command line to 'False'
[0.639s] DEBUG:colcon.colcon_core.verb:Building package 'my_py_pkg' with the following arguments: {'ament_cmake_args': None, 'build_base': '/home/evan/ros2_ws/src/build/my_py_pkg', 'catkin_cmake_args': None, 'catkin_skip_building_tests': False, 'cmake_args': None, 'cmake_clean_cache': False, 'cmake_clean_first': False, 'cmake_force_configure': False, 'cmake_target': None, 'cmake_target_skip_unavailable': False, 'install_base': '/home/evan/ros2_ws/src/install/my_py_pkg', 'merge_install': False, 'path': '/home/evan/ros2_ws/src/my_py_pkg', 'symlink_install': False, 'test_result_base': None}
[0.640s] INFO:colcon.colcon_core.executor:Executing jobs using 'parallel' executor
[0.645s] DEBUG:colcon.colcon_parallel_executor.executor.parallel:run_until_complete
[0.646s] INFO:colcon.colcon_ros.task.ament_cmake.build:Building ROS package in '/home/evan/ros2_ws/src/my_cpp_pkg' with build type 'ament_cmake'
[0.647s] INFO:colcon.colcon_cmake.task.cmake.build:Building CMake package in '/home/evan/ros2_ws/src/my_cpp_pkg'
[0.651s] INFO:colcon.colcon_core.plugin_system:Skipping extension 'colcon_core.shell.bat': Not used on non-Windows systems
[0.652s] INFO:colcon.colcon_core.shell:Skip shell extension 'powershell' for command environment: Not usable outside of PowerShell
[0.652s] DEBUG:colcon.colcon_core.shell:Skip shell extension 'dsv' for command environment
[0.658s] INFO:colcon.colcon_ros.task.ament_python.build:Building ROS package in '/home/evan/ros2_ws/src/my_py_pkg' with build type 'ament_python'
[0.658s] Level 1:colcon.colcon_core.shell:create_environment_hook('my_py_pkg', 'ament_prefix_path')
[0.661s] INFO:colcon.colcon_core.shell:Creating environment hook '/home/evan/ros2_ws/src/install/my_py_pkg/share/my_py_pkg/hook/ament_prefix_path.ps1'
[0.663s] INFO:colcon.colcon_core.shell:Creating environment descriptor '/home/evan/ros2_ws/src/install/my_py_pkg/share/my_py_pkg/hook/ament_prefix_path.dsv'
[0.664s] INFO:colcon.colcon_core.shell:Creating environment hook '/home/evan/ros2_ws/src/install/my_py_pkg/share/my_py_pkg/hook/ament_prefix_path.sh'
[0.666s] INFO:colcon.colcon_core.shell:Skip shell extension 'powershell' for command environment: Not usable outside of PowerShell
[0.666s] DEBUG:colcon.colcon_core.shell:Skip shell extension 'dsv' for command environment
[0.684s] DEBUG:colcon.colcon_core.event_handler.log_command:Invoking command in '/home/evan/ros2_ws/src/build/my_cpp_pkg': CMAKE_PREFIX_PATH=/home/evan/ros2_ws/install/my_py_pkg:/opt/ros/humble /usr/bin/cmake /home/evan/ros2_ws/src/my_cpp_pkg -DCMAKE_INSTALL_PREFIX=/home/evan/ros2_ws/src/install/my_cpp_pkg
[1.170s] INFO:colcon.colcon_core.task.python.build:Building Python package in '/home/evan/ros2_ws/src/my_py_pkg'
[1.173s] INFO:colcon.colcon_core.shell:Skip shell extension 'powershell' for command environment: Not usable outside of PowerShell
[1.173s] DEBUG:colcon.colcon_core.shell:Skip shell extension 'dsv' for command environment
[1.732s] DEBUG:colcon.colcon_core.event_handler.log_command:Invoking command in '/home/evan/ros2_ws/src/my_py_pkg': PYTHONPATH=/home/evan/ros2_ws/src/build/my_py_pkg/prefix_override:/home/evan/ros2_ws/src/install/my_py_pkg/lib/python3.10/site-packages:${PYTHONPATH} /usr/bin/python3 setup.py egg_info --egg-base ../build/my_py_pkg build --build-base /home/evan/ros2_ws/src/build/my_py_pkg/build install --record /home/evan/ros2_ws/src/build/my_py_pkg/install.log --single-version-externally-managed
[2.197s] DEBUG:colcon.colcon_core.event_handler.log_command:Invoked command in '/home/evan/ros2_ws/src/my_py_pkg' returned '0': PYTHONPATH=/home/evan/ros2_ws/src/build/my_py_pkg/prefix_override:/home/evan/ros2_ws/src/install/my_py_pkg/lib/python3.10/site-packages:${PYTHONPATH} /usr/bin/python3 setup.py egg_info --egg-base ../build/my_py_pkg build --build-base /home/evan/ros2_ws/src/build/my_py_pkg/build install --record /home/evan/ros2_ws/src/build/my_py_pkg/install.log --single-version-externally-managed
[2.202s] Level 1:colcon.colcon_core.environment:checking '/home/evan/ros2_ws/src/install/my_py_pkg' for CMake module files
[2.203s] Level 1:colcon.colcon_core.environment:checking '/home/evan/ros2_ws/src/install/my_py_pkg' for CMake config files
[2.204s] Level 1:colcon.colcon_core.environment:checking '/home/evan/ros2_ws/src/install/my_py_pkg/lib'
[2.204s] Level 1:colcon.colcon_core.environment:checking '/home/evan/ros2_ws/src/install/my_py_pkg/bin'
[2.205s] Level 1:colcon.colcon_core.environment:checking '/home/evan/ros2_ws/src/install/my_py_pkg/lib/pkgconfig/my_py_pkg.pc'
[2.205s] Level 1:colcon.colcon_core.environment:checking '/home/evan/ros2_ws/src/install/my_py_pkg/lib/python3.10/site-packages'
[2.205s] Level 1:colcon.colcon_core.shell:create_environment_hook('my_py_pkg', 'pythonpath')
[2.208s] INFO:colcon.colcon_core.shell:Creating environment hook '/home/evan/ros2_ws/src/install/my_py_pkg/share/my_py_pkg/hook/pythonpath.ps1'
[2.209s] INFO:colcon.colcon_core.shell:Creating environment descriptor '/home/evan/ros2_ws/src/install/my_py_pkg/share/my_py_pkg/hook/pythonpath.dsv'
[2.210s] INFO:colcon.colcon_core.shell:Creating environment hook '/home/evan/ros2_ws/src/install/my_py_pkg/share/my_py_pkg/hook/pythonpath.sh'
[2.212s] Level 1:colcon.colcon_core.environment:checking '/home/evan/ros2_ws/src/install/my_py_pkg/bin'
[2.212s] Level 1:colcon.colcon_core.environment:create_environment_scripts_only(my_py_pkg)
[2.216s] INFO:colcon.colcon_core.shell:Creating package script '/home/evan/ros2_ws/src/install/my_py_pkg/share/my_py_pkg/package.ps1'
[2.217s] INFO:colcon.colcon_core.shell:Creating package descriptor '/home/evan/ros2_ws/src/install/my_py_pkg/share/my_py_pkg/package.dsv'
[2.218s] INFO:colcon.colcon_core.shell:Creating package script '/home/evan/ros2_ws/src/install/my_py_pkg/share/my_py_pkg/package.sh'
[2.220s] INFO:colcon.colcon_core.shell:Creating package script '/home/evan/ros2_ws/src/install/my_py_pkg/share/my_py_pkg/package.bash'
[2.225s] INFO:colcon.colcon_core.shell:Creating package script '/home/evan/ros2_ws/src/install/my_py_pkg/share/my_py_pkg/package.zsh'
[2.226s] Level 1:colcon.colcon_core.environment:create_file_with_runtime_dependencies(/home/evan/ros2_ws/src/install/my_py_pkg/share/colcon-core/packages/my_py_pkg)
[3.457s] DEBUG:colcon.colcon_core.event_handler.log_command:Invoked command in '/home/evan/ros2_ws/src/build/my_cpp_pkg' returned '0': CMAKE_PREFIX_PATH=/home/evan/ros2_ws/install/my_py_pkg:/opt/ros/humble /usr/bin/cmake /home/evan/ros2_ws/src/my_cpp_pkg -DCMAKE_INSTALL_PREFIX=/home/evan/ros2_ws/src/install/my_cpp_pkg
[3.458s] DEBUG:colcon.colcon_core.event_handler.log_command:Invoking command in '/home/evan/ros2_ws/src/build/my_cpp_pkg': CMAKE_PREFIX_PATH=/home/evan/ros2_ws/install/my_py_pkg:/opt/ros/humble /usr/bin/cmake --build /home/evan/ros2_ws/src/build/my_cpp_pkg -- -j4 -l4
[3.521s] DEBUG:colcon.colcon_core.event_handler.log_command:Invoked command in '/home/evan/ros2_ws/src/build/my_cpp_pkg' returned '0': CMAKE_PREFIX_PATH=/home/evan/ros2_ws/install/my_py_pkg:/opt/ros/humble /usr/bin/cmake --build /home/evan/ros2_ws/src/build/my_cpp_pkg -- -j4 -l4
[3.585s] DEBUG:colcon.colcon_core.event_handler.log_command:Invoking command in '/home/evan/ros2_ws/src/build/my_cpp_pkg': CMAKE_PREFIX_PATH=/home/evan/ros2_ws/install/my_py_pkg:/opt/ros/humble /usr/bin/cmake --install /home/evan/ros2_ws/src/build/my_cpp_pkg
[3.608s] Level 1:colcon.colcon_core.environment:create_environment_scripts_only(my_cpp_pkg)
[3.612s] Level 1:colcon.colcon_core.environment:checking '/home/evan/ros2_ws/src/install/my_cpp_pkg' for CMake module files
[3.613s] DEBUG:colcon.colcon_core.event_handler.log_command:Invoked command in '/home/evan/ros2_ws/src/build/my_cpp_pkg' returned '0': CMAKE_PREFIX_PATH=/home/evan/ros2_ws/install/my_py_pkg:/opt/ros/humble /usr/bin/cmake --install /home/evan/ros2_ws/src/build/my_cpp_pkg
[3.614s] Level 1:colcon.colcon_core.environment:checking '/home/evan/ros2_ws/src/install/my_cpp_pkg' for CMake config files
[3.615s] Level 1:colcon.colcon_core.shell:create_environment_hook('my_cpp_pkg', 'cmake_prefix_path')
[3.617s] INFO:colcon.colcon_core.shell:Creating environment hook '/home/evan/ros2_ws/src/install/my_cpp_pkg/share/my_cpp_pkg/hook/cmake_prefix_path.ps1'
[3.618s] INFO:colcon.colcon_core.shell:Creating environment descriptor '/home/evan/ros2_ws/src/install/my_cpp_pkg/share/my_cpp_pkg/hook/cmake_prefix_path.dsv'
[3.618s] INFO:colcon.colcon_core.shell:Creating environment hook '/home/evan/ros2_ws/src/install/my_cpp_pkg/share/my_cpp_pkg/hook/cmake_prefix_path.sh'
[3.619s] Level 1:colcon.colcon_core.environment:checking '/home/evan/ros2_ws/src/install/my_cpp_pkg/bin'
[3.619s] Level 1:colcon.colcon_core.environment:checking '/home/evan/ros2_ws/src/install/my_cpp_pkg/lib/pkgconfig/my_cpp_pkg.pc'
[3.620s] Level 1:colcon.colcon_core.environment:checking '/home/evan/ros2_ws/src/install/my_cpp_pkg/lib/python3.10/site-packages'
[3.620s] Level 1:colcon.colcon_core.environment:checking '/home/evan/ros2_ws/src/install/my_cpp_pkg/bin'
[3.622s] INFO:colcon.colcon_core.shell:Creating package script '/home/evan/ros2_ws/src/install/my_cpp_pkg/share/my_cpp_pkg/package.ps1'
[3.623s] INFO:colcon.colcon_core.shell:Creating package descriptor '/home/evan/ros2_ws/src/install/my_cpp_pkg/share/my_cpp_pkg/package.dsv'
[3.623s] INFO:colcon.colcon_core.shell:Creating package script '/home/evan/ros2_ws/src/install/my_cpp_pkg/share/my_cpp_pkg/package.sh'
[3.624s] INFO:colcon.colcon_core.shell:Creating package script '/home/evan/ros2_ws/src/install/my_cpp_pkg/share/my_cpp_pkg/package.bash'
[3.625s] INFO:colcon.colcon_core.shell:Creating package script '/home/evan/ros2_ws/src/install/my_cpp_pkg/share/my_cpp_pkg/package.zsh'
[3.625s] Level 1:colcon.colcon_core.environment:create_file_with_runtime_dependencies(/home/evan/ros2_ws/src/install/my_cpp_pkg/share/colcon-core/packages/my_cpp_pkg)
[3.671s] Level 1:colcon.colcon_core.environment:create_environment_scripts_only(my_cpp_pkg)
[3.674s] Level 1:colcon.colcon_core.environment:checking '/home/evan/ros2_ws/src/install/my_cpp_pkg' for CMake module files
[3.675s] Level 1:colcon.colcon_core.environment:checking '/home/evan/ros2_ws/src/install/my_cpp_pkg' for CMake config files
[3.675s] Level 1:colcon.colcon_core.shell:create_environment_hook('my_cpp_pkg', 'cmake_prefix_path')
[3.678s] INFO:colcon.colcon_core.shell:Creating environment hook '/home/evan/ros2_ws/src/install/my_cpp_pkg/share/my_cpp_pkg/hook/cmake_prefix_path.ps1'
[3.679s] INFO:colcon.colcon_core.shell:Creating environment descriptor '/home/evan/ros2_ws/src/install/my_cpp_pkg/share/my_cpp_pkg/hook/cmake_prefix_path.dsv'
[3.680s] INFO:colcon.colcon_core.shell:Creating environment hook '/home/evan/ros2_ws/src/install/my_cpp_pkg/share/my_cpp_pkg/hook/cmake_prefix_path.sh'
[3.680s] Level 1:colcon.colcon_core.environment:checking '/home/evan/ros2_ws/src/install/my_cpp_pkg/bin'
[3.681s] Level 1:colcon.colcon_core.environment:checking '/home/evan/ros2_ws/src/install/my_cpp_pkg/lib/pkgconfig/my_cpp_pkg.pc'
[3.681s] Level 1:colcon.colcon_core.environment:checking '/home/evan/ros2_ws/src/install/my_cpp_pkg/lib/python3.10/site-packages'
[3.681s] Level 1:colcon.colcon_core.environment:checking '/home/evan/ros2_ws/src/install/my_cpp_pkg/bin'
[3.683s] INFO:colcon.colcon_core.shell:Creating package script '/home/evan/ros2_ws/src/install/my_cpp_pkg/share/my_cpp_pkg/package.ps1'
[3.684s] INFO:colcon.colcon_core.shell:Creating package descriptor '/home/evan/ros2_ws/src/install/my_cpp_pkg/share/my_cpp_pkg/package.dsv'
[3.685s] INFO:colcon.colcon_core.shell:Creating package script '/home/evan/ros2_ws/src/install/my_cpp_pkg/share/my_cpp_pkg/package.sh'
[3.686s] INFO:colcon.colcon_core.shell:Creating package script '/home/evan/ros2_ws/src/install/my_cpp_pkg/share/my_cpp_pkg/package.bash'
[3.687s] INFO:colcon.colcon_core.shell:Creating package script '/home/evan/ros2_ws/src/install/my_cpp_pkg/share/my_cpp_pkg/package.zsh'
[3.687s] Level 1:colcon.colcon_core.environment:create_file_with_runtime_dependencies(/home/evan/ros2_ws/src/install/my_cpp_pkg/share/colcon-core/packages/my_cpp_pkg)
[3.689s] DEBUG:colcon.colcon_parallel_executor.executor.parallel:closing loop
[3.689s] DEBUG:colcon.colcon_parallel_executor.executor.parallel:loop closed
[3.690s] DEBUG:colcon.colcon_parallel_executor.executor.parallel:run_until_complete finished with '0'
[3.690s] DEBUG:colcon.colcon_core.event_reactor:joining thread
[3.696s] INFO:colcon.colcon_core.plugin_system:Skipping extension 'colcon_notification.desktop_notification.terminal_notifier': Not used on non-Darwin systems
[3.697s] INFO:colcon.colcon_core.plugin_system:Skipping extension 'colcon_notification.desktop_notification.win32': Not used on non-Windows systems
[3.697s] INFO:colcon.colcon_notification.desktop_notification:Sending desktop notification using 'notify2'
[3.714s] DEBUG:colcon.colcon_core.event_reactor:joined thread
[3.717s] INFO:colcon.colcon_core.shell:Creating prefix script '/home/evan/ros2_ws/src/install/local_setup.ps1'
[3.724s] INFO:colcon.colcon_core.shell:Creating prefix util module '/home/evan/ros2_ws/src/install/_local_setup_util_ps1.py'
[3.726s] INFO:colcon.colcon_core.shell:Creating prefix chain script '/home/evan/ros2_ws/src/install/setup.ps1'
[3.727s] INFO:colcon.colcon_core.shell:Creating prefix script '/home/evan/ros2_ws/src/install/local_setup.sh'
[3.728s] INFO:colcon.colcon_core.shell:Creating prefix util module '/home/evan/ros2_ws/src/install/_local_setup_util_sh.py'
[3.728s] INFO:colcon.colcon_core.shell:Creating prefix chain script '/home/evan/ros2_ws/src/install/setup.sh'
[3.730s] INFO:colcon.colcon_core.shell:Creating prefix script '/home/evan/ros2_ws/src/install/local_setup.bash'
[3.731s] INFO:colcon.colcon_core.shell:Creating prefix chain script '/home/evan/ros2_ws/src/install/setup.bash'
[3.733s] INFO:colcon.colcon_core.shell:Creating prefix script '/home/evan/ros2_ws/src/install/local_setup.zsh'
[3.734s] INFO:colcon.colcon_core.shell:Creating prefix chain script '/home/evan/ros2_ws/src/install/setup.zsh'
