[0.975s] Invoking command in '/home/evan/ros2_ws/src/my_py_pkg': PYTHONPATH=/home/evan/ros2_ws/build/my_py_pkg/prefix_override:/home/evan/ros2_ws/install/my_py_pkg/lib/python3.10/site-packages:${PYTHONPATH} /usr/bin/python3 setup.py egg_info --egg-base ../../build/my_py_pkg build --build-base /home/evan/ros2_ws/build/my_py_pkg/build install --record /home/evan/ros2_ws/build/my_py_pkg/install.log --single-version-externally-managed
[1.353s] running egg_info
[1.354s] creating ../../build/my_py_pkg/my_py_pkg.egg-info
[1.355s] writing ../../build/my_py_pkg/my_py_pkg.egg-info/PKG-INFO
[1.355s] writing dependency_links to ../../build/my_py_pkg/my_py_pkg.egg-info/dependency_links.txt
[1.356s] writing entry points to ../../build/my_py_pkg/my_py_pkg.egg-info/entry_points.txt
[1.356s] writing requirements to ../../build/my_py_pkg/my_py_pkg.egg-info/requires.txt
[1.356s] writing top-level names to ../../build/my_py_pkg/my_py_pkg.egg-info/top_level.txt
[1.357s] writing manifest file '../../build/my_py_pkg/my_py_pkg.egg-info/SOURCES.txt'
[1.359s] reading manifest file '../../build/my_py_pkg/my_py_pkg.egg-info/SOURCES.txt'
[1.360s] writing manifest file '../../build/my_py_pkg/my_py_pkg.egg-info/SOURCES.txt'
[1.361s] running build
[1.361s] running build_py
[1.361s] creating /home/evan/ros2_ws/build/my_py_pkg/build
[1.362s] creating /home/evan/ros2_ws/build/my_py_pkg/build/lib
[1.362s] creating /home/evan/ros2_ws/build/my_py_pkg/build/lib/my_py_pkg
[1.362s] copying my_py_pkg/__init__.py -> /home/evan/ros2_ws/build/my_py_pkg/build/lib/my_py_pkg
[1.363s] running install
[1.365s] /usr/lib/python3/dist-packages/setuptools/command/install.py:34: SetuptoolsDeprecationWarning: setup.py install is deprecated. Use build and pip and other standards-based tools.
[1.365s]   warnings.warn(
[1.368s] running install_lib
[1.369s] creating /home/evan/ros2_ws/install/my_py_pkg/lib/python3.10/site-packages/my_py_pkg
[1.369s] copying /home/evan/ros2_ws/build/my_py_pkg/build/lib/my_py_pkg/__init__.py -> /home/evan/ros2_ws/install/my_py_pkg/lib/python3.10/site-packages/my_py_pkg
[1.371s] byte-compiling /home/evan/ros2_ws/install/my_py_pkg/lib/python3.10/site-packages/my_py_pkg/__init__.py to __init__.cpython-310.pyc
[1.371s] running install_data
[1.371s] creating /home/evan/ros2_ws/install/my_py_pkg/share/ament_index
[1.371s] creating /home/evan/ros2_ws/install/my_py_pkg/share/ament_index/resource_index
[1.371s] creating /home/evan/ros2_ws/install/my_py_pkg/share/ament_index/resource_index/packages
[1.371s] copying resource/my_py_pkg -> /home/evan/ros2_ws/install/my_py_pkg/share/ament_index/resource_index/packages
[1.371s] copying package.xml -> /home/evan/ros2_ws/install/my_py_pkg/share/my_py_pkg
[1.372s] running install_egg_info
[1.373s] Copying ../../build/my_py_pkg/my_py_pkg.egg-info to /home/evan/ros2_ws/install/my_py_pkg/lib/python3.10/site-packages/my_py_pkg-0.0.0-py3.10.egg-info
[1.374s] running install_scripts
[1.402s] writing list of installed files to '/home/evan/ros2_ws/build/my_py_pkg/install.log'
[1.441s] Invoked command in '/home/evan/ros2_ws/src/my_py_pkg' returned '0': PYTHONPATH=/home/evan/ros2_ws/build/my_py_pkg/prefix_override:/home/evan/ros2_ws/install/my_py_pkg/lib/python3.10/site-packages:${PYTHONPATH} /usr/bin/python3 setup.py egg_info --egg-base ../../build/my_py_pkg build --build-base /home/evan/ros2_ws/build/my_py_pkg/build install --record /home/evan/ros2_ws/build/my_py_pkg/install.log --single-version-externally-managed
