[1.074s] Invoking command in '/home/evan/ros2_ws/src/my_py_pkg': PYTHONPATH=/home/evan/ros2_ws/src/build/my_py_pkg/prefix_override:/home/evan/ros2_ws/src/install/my_py_pkg/lib/python3.10/site-packages:${PYTHONPATH} /usr/bin/python3 setup.py egg_info --egg-base ../build/my_py_pkg build --build-base /home/evan/ros2_ws/src/build/my_py_pkg/build install --record /home/evan/ros2_ws/src/build/my_py_pkg/install.log --single-version-externally-managed
[1.453s] running egg_info
[1.453s] creating ../build/my_py_pkg/my_py_pkg.egg-info
[1.453s] writing ../build/my_py_pkg/my_py_pkg.egg-info/PKG-INFO
[1.455s] writing dependency_links to ../build/my_py_pkg/my_py_pkg.egg-info/dependency_links.txt
[1.455s] writing entry points to ../build/my_py_pkg/my_py_pkg.egg-info/entry_points.txt
[1.455s] writing requirements to ../build/my_py_pkg/my_py_pkg.egg-info/requires.txt
[1.456s] writing top-level names to ../build/my_py_pkg/my_py_pkg.egg-info/top_level.txt
[1.456s] writing manifest file '../build/my_py_pkg/my_py_pkg.egg-info/SOURCES.txt'
[1.457s] reading manifest file '../build/my_py_pkg/my_py_pkg.egg-info/SOURCES.txt'
[1.461s] writing manifest file '../build/my_py_pkg/my_py_pkg.egg-info/SOURCES.txt'
[1.461s] running build
[1.461s] running build_py
[1.461s] creating /home/evan/ros2_ws/src/build/my_py_pkg/build
[1.461s] creating /home/evan/ros2_ws/src/build/my_py_pkg/build/lib
[1.462s] creating /home/evan/ros2_ws/src/build/my_py_pkg/build/lib/my_py_pkg
[1.462s] copying my_py_pkg/__init__.py -> /home/evan/ros2_ws/src/build/my_py_pkg/build/lib/my_py_pkg
[1.462s] running install
[1.462s] running install_lib
[1.462s] creating /home/evan/ros2_ws/src/install/my_py_pkg/lib/python3.10/site-packages/my_py_pkg
[1.462s] copying /home/evan/ros2_ws/src/build/my_py_pkg/build/lib/my_py_pkg/__init__.py -> /home/evan/ros2_ws/src/install/my_py_pkg/lib/python3.10/site-packages/my_py_pkg
[1.462s] byte-compiling /home/evan/ros2_ws/src/install/my_py_pkg/lib/python3.10/site-packages/my_py_pkg/__init__.py to __init__.cpython-310.pyc
[1.463s] running install_data
[1.463s] creating /home/evan/ros2_ws/src/install/my_py_pkg/share/ament_index
[1.464s] creating /home/evan/ros2_ws/src/install/my_py_pkg/share/ament_index/resource_index
[1.464s] creating /home/evan/ros2_ws/src/install/my_py_pkg/share/ament_index/resource_index/packages
[1.464s] copying resource/my_py_pkg -> /home/evan/ros2_ws/src/install/my_py_pkg/share/ament_index/resource_index/packages
[1.464s] copying package.xml -> /home/evan/ros2_ws/src/install/my_py_pkg/share/my_py_pkg
[1.464s] running install_egg_info
[1.466s] Copying ../build/my_py_pkg/my_py_pkg.egg-info to /home/evan/ros2_ws/src/install/my_py_pkg/lib/python3.10/site-packages/my_py_pkg-0.0.0-py3.10.egg-info
[1.467s] running install_scripts
[1.504s] writing list of installed files to '/home/evan/ros2_ws/src/build/my_py_pkg/install.log'
[1.539s] Invoked command in '/home/evan/ros2_ws/src/my_py_pkg' returned '0': PYTHONPATH=/home/evan/ros2_ws/src/build/my_py_pkg/prefix_override:/home/evan/ros2_ws/src/install/my_py_pkg/lib/python3.10/site-packages:${PYTHONPATH} /usr/bin/python3 setup.py egg_info --egg-base ../build/my_py_pkg build --build-base /home/evan/ros2_ws/src/build/my_py_pkg/build install --record /home/evan/ros2_ws/src/build/my_py_pkg/install.log --single-version-externally-managed
