[0.023s] Invoking command in '/home/evan/ros2_ws/src/build/my_cpp_pkg': CMAKE_PREFIX_PATH=/home/evan/ros2_ws/install/my_py_pkg:/opt/ros/humble /usr/bin/cmake --build /home/evan/ros2_ws/src/build/my_cpp_pkg -- -j4 -l4
[0.094s] Invoked command in '/home/evan/ros2_ws/src/build/my_cpp_pkg' returned '0': CMAKE_PREFIX_PATH=/home/evan/ros2_ws/install/my_py_pkg:/opt/ros/humble /usr/bin/cmake --build /home/evan/ros2_ws/src/build/my_cpp_pkg -- -j4 -l4
[0.174s] Invoking command in '/home/evan/ros2_ws/src/build/my_cpp_pkg': CMAKE_PREFIX_PATH=/home/evan/ros2_ws/install/my_py_pkg:/opt/ros/humble /usr/bin/cmake --install /home/evan/ros2_ws/src/build/my_cpp_pkg
[0.186s] -- Install configuration: ""
[0.187s] -- Up-to-date: /home/evan/ros2_ws/src/install/my_cpp_pkg/share/ament_index/resource_index/package_run_dependencies/my_cpp_pkg
[0.187s] -- Up-to-date: /home/evan/ros2_ws/src/install/my_cpp_pkg/share/ament_index/resource_index/parent_prefix_path/my_cpp_pkg
[0.188s] -- Up-to-date: /home/evan/ros2_ws/src/install/my_cpp_pkg/share/my_cpp_pkg/environment/ament_prefix_path.sh
[0.188s] -- Up-to-date: /home/evan/ros2_ws/src/install/my_cpp_pkg/share/my_cpp_pkg/environment/ament_prefix_path.dsv
[0.189s] -- Up-to-date: /home/evan/ros2_ws/src/install/my_cpp_pkg/share/my_cpp_pkg/environment/path.sh
[0.189s] -- Up-to-date: /home/evan/ros2_ws/src/install/my_cpp_pkg/share/my_cpp_pkg/environment/path.dsv
[0.189s] -- Up-to-date: /home/evan/ros2_ws/src/install/my_cpp_pkg/share/my_cpp_pkg/local_setup.bash
[0.190s] -- Up-to-date: /home/evan/ros2_ws/src/install/my_cpp_pkg/share/my_cpp_pkg/local_setup.sh
[0.190s] -- Up-to-date: /home/evan/ros2_ws/src/install/my_cpp_pkg/share/my_cpp_pkg/local_setup.zsh
[0.190s] -- Up-to-date: /home/evan/ros2_ws/src/install/my_cpp_pkg/share/my_cpp_pkg/local_setup.dsv
[0.190s] -- Up-to-date: /home/evan/ros2_ws/src/install/my_cpp_pkg/share/my_cpp_pkg/package.dsv
[0.191s] -- Up-to-date: /home/evan/ros2_ws/src/install/my_cpp_pkg/share/ament_index/resource_index/packages/my_cpp_pkg
[0.191s] -- Up-to-date: /home/evan/ros2_ws/src/install/my_cpp_pkg/share/my_cpp_pkg/cmake/my_cpp_pkgConfig.cmake
[0.192s] -- Up-to-date: /home/evan/ros2_ws/src/install/my_cpp_pkg/share/my_cpp_pkg/cmake/my_cpp_pkgConfig-version.cmake
[0.192s] -- Up-to-date: /home/evan/ros2_ws/src/install/my_cpp_pkg/share/my_cpp_pkg/package.xml
[0.198s] Invoked command in '/home/evan/ros2_ws/src/build/my_cpp_pkg' returned '0': CMAKE_PREFIX_PATH=/home/evan/ros2_ws/install/my_py_pkg:/opt/ros/humble /usr/bin/cmake --install /home/evan/ros2_ws/src/build/my_cpp_pkg
