[0.037s] Invoking command in '/home/evan/ros2_ws/src/build/my_cpp_pkg': CMAKE_PREFIX_PATH=/home/evan/ros2_ws/install/my_py_pkg:/opt/ros/humble /usr/bin/cmake /home/evan/ros2_ws/src/my_cpp_pkg -DCMAKE_INSTALL_PREFIX=/home/evan/ros2_ws/src/install/my_cpp_pkg
[0.314s] -- The C compiler identification is GNU 11.4.0
[0.498s] -- The CXX compiler identification is GNU 11.4.0
[0.535s] -- Detecting C compiler ABI info
[0.678s] -- Detecting C compiler ABI info - done
[0.687s] -- Check for working C compiler: /usr/bin/cc - skipped
[0.689s] -- Detecting C compile features
[0.692s] -- Detecting C compile features - done
[0.698s] -- Detecting CXX compiler ABI info
[0.831s] -- Detecting CXX compiler ABI info - done
[0.840s] -- Check for working CXX compiler: /usr/bin/c++ - skipped
[0.841s] -- Detecting CXX compile features
[0.844s] -- Detecting CXX compile features - done
[0.851s] -- Found ament_cmake: 1.3.5 (/opt/ros/humble/share/ament_cmake/cmake)
[1.118s] -- Found Python3: /usr/bin/python3.10 (found version "3.10.12") found components: Interpreter 
[1.300s] -- Found rclcpp: 16.0.5 (/opt/ros/humble/share/rclcpp/cmake)
[1.407s] -- Found rosidl_generator_c: 3.1.5 (/opt/ros/humble/share/rosidl_generator_c/cmake)
[1.420s] -- Found rosidl_adapter: 3.1.5 (/opt/ros/humble/share/rosidl_adapter/cmake)
[1.442s] -- Found rosidl_generator_cpp: 3.1.5 (/opt/ros/humble/share/rosidl_generator_cpp/cmake)
[1.486s] -- Using all available rosidl_typesupport_c: rosidl_typesupport_fastrtps_c;rosidl_typesupport_introspection_c
[1.551s] -- Using all available rosidl_typesupport_cpp: rosidl_typesupport_fastrtps_cpp;rosidl_typesupport_introspection_cpp
[1.732s] -- Found rmw_implementation_cmake: 6.1.1 (/opt/ros/humble/share/rmw_implementation_cmake/cmake)
[1.739s] -- Found rmw_fastrtps_cpp: 6.2.3 (/opt/ros/humble/share/rmw_fastrtps_cpp/cmake)
[1.943s] -- Found OpenSSL: /usr/lib/x86_64-linux-gnu/libcrypto.so (found version "3.0.2")  
[1.985s] -- Found FastRTPS: /opt/ros/humble/include  
[2.052s] -- Using RMW implementation 'rmw_fastrtps_cpp' as default
[2.081s] -- Looking for pthread.h
[2.224s] -- Looking for pthread.h - found
[2.225s] -- Performing Test CMAKE_HAVE_LIBC_PTHREAD
[2.336s] -- Performing Test CMAKE_HAVE_LIBC_PTHREAD - Success
[2.337s] -- Found Threads: TRUE  
[2.650s] -- Found ament_lint_auto: 0.12.7 (/opt/ros/humble/share/ament_lint_auto/cmake)
[2.778s] -- Added test 'lint_cmake' to check CMake code style
[2.781s] -- Added test 'xmllint' to check XML markup files
[2.784s] -- Configuring done
[2.789s] -- Generating done
[2.792s] -- Build files have been written to: /home/evan/ros2_ws/src/build/my_cpp_pkg
[2.810s] Invoked command in '/home/evan/ros2_ws/src/build/my_cpp_pkg' returned '0': CMAKE_PREFIX_PATH=/home/evan/ros2_ws/install/my_py_pkg:/opt/ros/humble /usr/bin/cmake /home/evan/ros2_ws/src/my_cpp_pkg -DCMAKE_INSTALL_PREFIX=/home/evan/ros2_ws/src/install/my_cpp_pkg
[2.811s] Invoking command in '/home/evan/ros2_ws/src/build/my_cpp_pkg': CMAKE_PREFIX_PATH=/home/evan/ros2_ws/install/my_py_pkg:/opt/ros/humble /usr/bin/cmake --build /home/evan/ros2_ws/src/build/my_cpp_pkg -- -j4 -l4
[2.875s] Invoked command in '/home/evan/ros2_ws/src/build/my_cpp_pkg' returned '0': CMAKE_PREFIX_PATH=/home/evan/ros2_ws/install/my_py_pkg:/opt/ros/humble /usr/bin/cmake --build /home/evan/ros2_ws/src/build/my_cpp_pkg -- -j4 -l4
[2.939s] Invoking command in '/home/evan/ros2_ws/src/build/my_cpp_pkg': CMAKE_PREFIX_PATH=/home/evan/ros2_ws/install/my_py_pkg:/opt/ros/humble /usr/bin/cmake --install /home/evan/ros2_ws/src/build/my_cpp_pkg
[2.949s] -- Install configuration: ""
[2.949s] -- Installing: /home/evan/ros2_ws/src/install/my_cpp_pkg/share/ament_index/resource_index/package_run_dependencies/my_cpp_pkg
[2.949s] -- Installing: /home/evan/ros2_ws/src/install/my_cpp_pkg/share/ament_index/resource_index/parent_prefix_path/my_cpp_pkg
[2.955s] -- Installing: /home/evan/ros2_ws/src/install/my_cpp_pkg/share/my_cpp_pkg/environment/ament_prefix_path.sh
[2.955s] -- Installing: /home/evan/ros2_ws/src/install/my_cpp_pkg/share/my_cpp_pkg/environment/ament_prefix_path.dsv
[2.955s] -- Installing: /home/evan/ros2_ws/src/install/my_cpp_pkg/share/my_cpp_pkg/environment/path.sh
[2.955s] -- Installing: /home/evan/ros2_ws/src/install/my_cpp_pkg/share/my_cpp_pkg/environment/path.dsv
[2.955s] -- Installing: /home/evan/ros2_ws/src/install/my_cpp_pkg/share/my_cpp_pkg/local_setup.bash
[2.955s] -- Installing: /home/evan/ros2_ws/src/install/my_cpp_pkg/share/my_cpp_pkg/local_setup.sh
[2.955s] -- Installing: /home/evan/ros2_ws/src/install/my_cpp_pkg/share/my_cpp_pkg/local_setup.zsh
[2.956s] -- Installing: /home/evan/ros2_ws/src/install/my_cpp_pkg/share/my_cpp_pkg/local_setup.dsv
[2.956s] -- Installing: /home/evan/ros2_ws/src/install/my_cpp_pkg/share/my_cpp_pkg/package.dsv
[2.956s] -- Installing: /home/evan/ros2_ws/src/install/my_cpp_pkg/share/ament_index/resource_index/packages/my_cpp_pkg
[2.956s] -- Installing: /home/evan/ros2_ws/src/install/my_cpp_pkg/share/my_cpp_pkg/cmake/my_cpp_pkgConfig.cmake
[2.956s] -- Installing: /home/evan/ros2_ws/src/install/my_cpp_pkg/share/my_cpp_pkg/cmake/my_cpp_pkgConfig-version.cmake
[2.956s] -- Installing: /home/evan/ros2_ws/src/install/my_cpp_pkg/share/my_cpp_pkg/package.xml
[2.967s] Invoked command in '/home/evan/ros2_ws/src/build/my_cpp_pkg' returned '0': CMAKE_PREFIX_PATH=/home/evan/ros2_ws/install/my_py_pkg:/opt/ros/humble /usr/bin/cmake --install /home/evan/ros2_ws/src/build/my_cpp_pkg
